This file contains any messages produced by compilers while
running configure, to aid debugging if configure makes a mistake.

It was created by hfp4linux configure 0.1.0, which was
generated by GNU Autoconf 2.68.  Invocation command line was

  $ ./configure 

## --------- ##
## Platform. ##
## --------- ##

hostname = antonis-laptop-linux
uname -m = x86_64
uname -r = 3.2.0-26-generic
uname -s = Linux
uname -v = #41-Ubuntu SMP Thu Jun 14 17:49:24 UTC 2012

/usr/bin/uname -p = unknown
/bin/uname -X     = unknown

/bin/arch              = unknown
/usr/bin/arch -k       = unknown
/usr/convex/getsysinfo = unknown
/usr/bin/hostinfo      = unknown
/bin/machine           = unknown
/usr/bin/oslevel       = unknown
/bin/universe          = unknown

PATH: /home/antonis/bin
PATH: /usr/lib/lightdm/lightdm
PATH: /usr/local/sbin
PATH: /usr/local/bin
PATH: /usr/sbin
PATH: /usr/bin
PATH: /sbin
PATH: /bin
PATH: /usr/games


## ----------- ##
## Core tests. ##
## ----------- ##

configure:2680: checking whether to enable maintainer-specific portions of Makefiles
configure:2689: result: no
configure:2810: checking for doxygen
configure:2843: result: no
configure:2863: WARNING: doxygen not found - will not generate any doxygen documentation
configure:2916: checking for perl
configure:2934: found /usr/bin/perl
configure:2946: result: /usr/bin/perl
configure:4674: checking for a BSD-compatible install
configure:4742: result: /usr/bin/install -c
configure:4753: checking whether build environment is sane
configure:4803: result: yes
configure:4944: checking for a thread-safe mkdir -p
configure:4983: result: /bin/mkdir -p
configure:4996: checking for gawk
configure:5026: result: no
configure:4996: checking for mawk
configure:5012: found /usr/bin/mawk
configure:5023: result: mawk
configure:5034: checking whether make sets $(MAKE)
configure:5056: result: yes
configure:5185: checking for gcc
configure:5201: found /usr/bin/gcc
configure:5212: result: gcc
configure:5441: checking for C compiler version
configure:5450: gcc --version >&5
gcc (Ubuntu/Linaro 4.6.3-1ubuntu5) 4.6.3
Copyright (C) 2011 Free Software Foundation, Inc.
This is free software; see the source for copying conditions.  There is NO
warranty; not even for MERCHANTABILITY or FITNESS FOR A PARTICULAR PURPOSE.

configure:5461: $? = 0
configure:5450: gcc -v >&5
Using built-in specs.
COLLECT_GCC=gcc
COLLECT_LTO_WRAPPER=/usr/lib/gcc/x86_64-linux-gnu/4.6/lto-wrapper
Target: x86_64-linux-gnu
Configured with: ../src/configure -v --with-pkgversion='Ubuntu/Linaro 4.6.3-1ubuntu5' --with-bugurl=file:///usr/share/doc/gcc-4.6/README.Bugs --enable-languages=c,c++,fortran,objc,obj-c++ --prefix=/usr --program-suffix=-4.6 --enable-shared --enable-linker-build-id --with-system-zlib --libexecdir=/usr/lib --without-included-gettext --enable-threads=posix --with-gxx-include-dir=/usr/include/c++/4.6 --libdir=/usr/lib --enable-nls --with-sysroot=/ --enable-clocale=gnu --enable-libstdcxx-debug --enable-libstdcxx-time=yes --enable-gnu-unique-object --enable-plugin --enable-objc-gc --disable-werror --with-arch-32=i686 --with-tune=generic --enable-checking=release --build=x86_64-linux-gnu --host=x86_64-linux-gnu --target=x86_64-linux-gnu
Thread model: posix
gcc version 4.6.3 (Ubuntu/Linaro 4.6.3-1ubuntu5) 
configure:5461: $? = 0
configure:5450: gcc -V >&5
gcc: error: unrecognized option '-V'
gcc: fatal error: no input files
compilation terminated.
configure:5461: $? = 4
configure:5450: gcc -qversion >&5
gcc: error: unrecognized option '-qversion'
gcc: fatal error: no input files
compilation terminated.
configure:5461: $? = 4
configure:5481: checking whether the C compiler works
configure:5503: gcc    conftest.c  >&5
configure:5507: $? = 0
configure:5555: result: yes
configure:5558: checking for C compiler default output file name
configure:5560: result: a.out
configure:5566: checking for suffix of executables
configure:5573: gcc -o conftest    conftest.c  >&5
configure:5577: $? = 0
configure:5599: result: 
configure:5621: checking whether we are cross compiling
configure:5629: gcc -o conftest    conftest.c  >&5
configure:5633: $? = 0
configure:5640: ./conftest
configure:5644: $? = 0
configure:5659: result: no
configure:5664: checking for suffix of object files
configure:5686: gcc -c   conftest.c >&5
configure:5690: $? = 0
configure:5711: result: o
configure:5715: checking whether we are using the GNU C compiler
configure:5734: gcc -c   conftest.c >&5
configure:5734: $? = 0
configure:5743: result: yes
configure:5752: checking whether gcc accepts -g
configure:5772: gcc -c -g  conftest.c >&5
configure:5772: $? = 0
configure:5813: result: yes
configure:5830: checking for gcc option to accept ISO C89
configure:5894: gcc  -c -g -O2  conftest.c >&5
configure:5894: $? = 0
configure:5907: result: none needed
configure:5938: checking for style of include used by make
configure:5966: result: GNU
configure:5992: checking dependency style of gcc
configure:6103: result: gcc3
configure:6176: checking for g++
configure:6192: found /usr/bin/g++
configure:6203: result: g++
configure:6230: checking for C++ compiler version
configure:6239: g++ --version >&5
g++ (Ubuntu/Linaro 4.6.3-1ubuntu5) 4.6.3
Copyright (C) 2011 Free Software Foundation, Inc.
This is free software; see the source for copying conditions.  There is NO
warranty; not even for MERCHANTABILITY or FITNESS FOR A PARTICULAR PURPOSE.

configure:6250: $? = 0
configure:6239: g++ -v >&5
Using built-in specs.
COLLECT_GCC=g++
COLLECT_LTO_WRAPPER=/usr/lib/gcc/x86_64-linux-gnu/4.6/lto-wrapper
Target: x86_64-linux-gnu
Configured with: ../src/configure -v --with-pkgversion='Ubuntu/Linaro 4.6.3-1ubuntu5' --with-bugurl=file:///usr/share/doc/gcc-4.6/README.Bugs --enable-languages=c,c++,fortran,objc,obj-c++ --prefix=/usr --program-suffix=-4.6 --enable-shared --enable-linker-build-id --with-system-zlib --libexecdir=/usr/lib --without-included-gettext --enable-threads=posix --with-gxx-include-dir=/usr/include/c++/4.6 --libdir=/usr/lib --enable-nls --with-sysroot=/ --enable-clocale=gnu --enable-libstdcxx-debug --enable-libstdcxx-time=yes --enable-gnu-unique-object --enable-plugin --enable-objc-gc --disable-werror --with-arch-32=i686 --with-tune=generic --enable-checking=release --build=x86_64-linux-gnu --host=x86_64-linux-gnu --target=x86_64-linux-gnu
Thread model: posix
gcc version 4.6.3 (Ubuntu/Linaro 4.6.3-1ubuntu5) 
configure:6250: $? = 0
configure:6239: g++ -V >&5
g++: error: unrecognized option '-V'
g++: fatal error: no input files
compilation terminated.
configure:6250: $? = 4
configure:6239: g++ -qversion >&5
g++: error: unrecognized option '-qversion'
g++: fatal error: no input files
compilation terminated.
configure:6250: $? = 4
configure:6254: checking whether we are using the GNU C++ compiler
configure:6273: g++ -c   conftest.cpp >&5
configure:6273: $? = 0
configure:6282: result: yes
configure:6291: checking whether g++ accepts -g
configure:6311: g++ -c -g  conftest.cpp >&5
configure:6311: $? = 0
configure:6352: result: yes
configure:6377: checking dependency style of g++
configure:6488: result: gcc3
configure:6508: checking whether g++ understands -c and -o together
configure:6532: g++ -g -O2 -c conftest.cpp -o conftest2.o >&5
configure:6536: $? = 0
configure:6543: g++ -g -O2 -c conftest.cpp -o conftest2.o >&5
configure:6547: $? = 0
configure:6555: result: yes
configure:6597: checking build system type
configure:6611: result: x86_64-unknown-linux-gnu
configure:6631: checking host system type
configure:6644: result: x86_64-unknown-linux-gnu
configure:6685: checking how to print strings
configure:6712: result: printf
configure:6733: checking for a sed that does not truncate output
configure:6797: result: /bin/sed
configure:6815: checking for grep that handles long lines and -e
configure:6873: result: /bin/grep
configure:6878: checking for egrep
configure:6940: result: /bin/grep -E
configure:6945: checking for fgrep
configure:7007: result: /bin/grep -F
configure:7042: checking for ld used by gcc
configure:7109: result: /usr/bin/ld
configure:7116: checking if the linker (/usr/bin/ld) is GNU ld
configure:7131: result: yes
configure:7143: checking for BSD- or MS-compatible name lister (nm)
configure:7192: result: /usr/bin/nm -B
configure:7322: checking the name lister (/usr/bin/nm -B) interface
configure:7329: gcc -c -g -O2  conftest.c >&5
configure:7332: /usr/bin/nm -B "conftest.o"
configure:7335: output
0000000000000000 B some_variable
configure:7342: result: BSD nm
configure:7345: checking whether ln -s works
configure:7349: result: yes
configure:7357: checking the maximum length of command line arguments
configure:7487: result: 1572864
configure:7504: checking whether the shell understands some XSI constructs
configure:7514: result: yes
configure:7518: checking whether the shell understands "+="
configure:7524: result: yes
configure:7559: checking how to convert x86_64-unknown-linux-gnu file names to x86_64-unknown-linux-gnu format
configure:7599: result: func_convert_file_noop
configure:7606: checking how to convert x86_64-unknown-linux-gnu file names to toolchain format
configure:7626: result: func_convert_file_noop
configure:7633: checking for /usr/bin/ld option to reload object files
configure:7640: result: -r
configure:7714: checking for objdump
configure:7730: found /usr/bin/objdump
configure:7741: result: objdump
configure:7773: checking how to recognize dependent libraries
configure:7975: result: pass_all
configure:8060: checking for dlltool
configure:8090: result: no
configure:8120: checking how to associate runtime and link libraries
configure:8147: result: printf %s\n
configure:8208: checking for ar
configure:8224: found /usr/bin/ar
configure:8235: result: ar
configure:8272: checking for archiver @FILE support
configure:8289: gcc -c -g -O2  conftest.c >&5
configure:8289: $? = 0
configure:8292: ar cru libconftest.a @conftest.lst >&5
configure:8295: $? = 0
configure:8300: ar cru libconftest.a @conftest.lst >&5
ar: conftest.o: No such file or directory
configure:8303: $? = 1
configure:8315: result: @
configure:8373: checking for strip
configure:8389: found /usr/bin/strip
configure:8400: result: strip
configure:8472: checking for ranlib
configure:8488: found /usr/bin/ranlib
configure:8499: result: ranlib
configure:8601: checking command to parse /usr/bin/nm -B output from gcc object
configure:8721: gcc -c -g -O2  conftest.c >&5
configure:8724: $? = 0
configure:8728: /usr/bin/nm -B conftest.o \| sed -n -e 's/^.*[ ]\([ABCDGIRSTW][ABCDGIRSTW]*\)[ ][ ]*\([_A-Za-z][_A-Za-z0-9]*\)$/\1 \2 \2/p' | sed '/ __gnu_lto/d' \> conftest.nm
configure:8731: $? = 0
configure:8797: gcc -o conftest -g -O2   conftest.c conftstm.o >&5
configure:8800: $? = 0
configure:8838: result: ok
configure:8875: checking for sysroot
configure:8905: result: no
configure:8982: gcc -c -g -O2  conftest.c >&5
configure:8985: $? = 0
configure:9161: checking for mt
configure:9177: found /bin/mt
configure:9188: result: mt
configure:9211: checking if mt is a manifest tool
configure:9217: mt '-?'
configure:9225: result: no
configure:9867: checking how to run the C preprocessor
configure:9898: gcc -E  conftest.c
configure:9898: $? = 0
configure:9912: gcc -E  conftest.c
conftest.c:11:28: fatal error: ac_nonexistent.h: No such file or directory
compilation terminated.
configure:9912: $? = 1
configure: failed program was:
| /* confdefs.h */
| #define PACKAGE_NAME "hfp4linux"
| #define PACKAGE_TARNAME "hfp4linux"
| #define PACKAGE_VERSION "0.1.0"
| #define PACKAGE_STRING "hfp4linux 0.1.0"
| #define PACKAGE_BUGREPORT "samr7@cs.washington.edu"
| #define PACKAGE_URL ""
| #define PACKAGE "hfp4linux"
| #define VERSION "0.1.0"
| /* end confdefs.h.  */
| #include <ac_nonexistent.h>
configure:9937: result: gcc -E
configure:9957: gcc -E  conftest.c
configure:9957: $? = 0
configure:9971: gcc -E  conftest.c
conftest.c:11:28: fatal error: ac_nonexistent.h: No such file or directory
compilation terminated.
configure:9971: $? = 1
configure: failed program was:
| /* confdefs.h */
| #define PACKAGE_NAME "hfp4linux"
| #define PACKAGE_TARNAME "hfp4linux"
| #define PACKAGE_VERSION "0.1.0"
| #define PACKAGE_STRING "hfp4linux 0.1.0"
| #define PACKAGE_BUGREPORT "samr7@cs.washington.edu"
| #define PACKAGE_URL ""
| #define PACKAGE "hfp4linux"
| #define VERSION "0.1.0"
| /* end confdefs.h.  */
| #include <ac_nonexistent.h>
configure:10000: checking for ANSI C header files
configure:10020: gcc -c -g -O2  conftest.c >&5
configure:10020: $? = 0
configure:10093: gcc -o conftest -g -O2   conftest.c  >&5
configure:10093: $? = 0
configure:10093: ./conftest
configure:10093: $? = 0
configure:10104: result: yes
configure:10117: checking for sys/types.h
configure:10117: gcc -c -g -O2  conftest.c >&5
configure:10117: $? = 0
configure:10117: result: yes
configure:10117: checking for sys/stat.h
configure:10117: gcc -c -g -O2  conftest.c >&5
configure:10117: $? = 0
configure:10117: result: yes
configure:10117: checking for stdlib.h
configure:10117: gcc -c -g -O2  conftest.c >&5
configure:10117: $? = 0
configure:10117: result: yes
configure:10117: checking for string.h
configure:10117: gcc -c -g -O2  conftest.c >&5
configure:10117: $? = 0
configure:10117: result: yes
configure:10117: checking for memory.h
configure:10117: gcc -c -g -O2  conftest.c >&5
configure:10117: $? = 0
configure:10117: result: yes
configure:10117: checking for strings.h
configure:10117: gcc -c -g -O2  conftest.c >&5
configure:10117: $? = 0
configure:10117: result: yes
configure:10117: checking for inttypes.h
configure:10117: gcc -c -g -O2  conftest.c >&5
configure:10117: $? = 0
configure:10117: result: yes
configure:10117: checking for stdint.h
configure:10117: gcc -c -g -O2  conftest.c >&5
configure:10117: $? = 0
configure:10117: result: yes
configure:10117: checking for unistd.h
configure:10117: gcc -c -g -O2  conftest.c >&5
configure:10117: $? = 0
configure:10117: result: yes
configure:10131: checking for dlfcn.h
configure:10131: gcc -c -g -O2  conftest.c >&5
configure:10131: $? = 0
configure:10131: result: yes
configure:10348: checking for objdir
configure:10363: result: .libs
configure:10634: checking if gcc supports -fno-rtti -fno-exceptions
configure:10652: gcc -c -g -O2  -fno-rtti -fno-exceptions conftest.c >&5
cc1: warning: command line option '-fno-rtti' is valid for C++/ObjC++ but not for C [enabled by default]
configure:10656: $? = 0
configure:10669: result: no
configure:10996: checking for gcc option to produce PIC
configure:11003: result: -fPIC -DPIC
configure:11011: checking if gcc PIC flag -fPIC -DPIC works
configure:11029: gcc -c -g -O2  -fPIC -DPIC -DPIC conftest.c >&5
configure:11033: $? = 0
configure:11046: result: yes
configure:11075: checking if gcc static flag -static works
configure:11103: result: yes
configure:11118: checking if gcc supports -c -o file.o
configure:11139: gcc -c -g -O2  -o out/conftest2.o conftest.c >&5
configure:11143: $? = 0
configure:11165: result: yes
configure:11173: checking if gcc supports -c -o file.o
configure:11220: result: yes
configure:11253: checking whether the gcc linker (/usr/bin/ld -m elf_x86_64) supports shared libraries
configure:12410: result: yes
configure:12447: checking whether -lc should be explicitly linked in
configure:12455: gcc -c -g -O2  conftest.c >&5
configure:12458: $? = 0
configure:12473: gcc -shared  -fPIC -DPIC conftest.o  -v -Wl,-soname -Wl,conftest -o conftest 2\>\&1 \| /bin/grep  -lc  \>/dev/null 2\>\&1
configure:12476: $? = 0
configure:12490: result: no
configure:12650: checking dynamic linker characteristics
configure:13161: gcc -o conftest -g -O2   -Wl,-rpath -Wl,/foo conftest.c  >&5
configure:13161: $? = 0
configure:13395: result: GNU/Linux ld.so
configure:13502: checking how to hardcode library paths into programs
configure:13527: result: immediate
configure:14067: checking whether stripping libraries is possible
configure:14072: result: yes
configure:14107: checking if libtool supports shared libraries
configure:14109: result: yes
configure:14112: checking whether to build shared libraries
configure:14133: result: yes
configure:14136: checking whether to build static libraries
configure:14140: result: yes
configure:14163: checking how to run the C++ preprocessor
configure:14190: g++ -E  conftest.cpp
configure:14190: $? = 0
configure:14204: g++ -E  conftest.cpp
conftest.cpp:23:28: fatal error: ac_nonexistent.h: No such file or directory
compilation terminated.
configure:14204: $? = 1
configure: failed program was:
| /* confdefs.h */
| #define PACKAGE_NAME "hfp4linux"
| #define PACKAGE_TARNAME "hfp4linux"
| #define PACKAGE_VERSION "0.1.0"
| #define PACKAGE_STRING "hfp4linux 0.1.0"
| #define PACKAGE_BUGREPORT "samr7@cs.washington.edu"
| #define PACKAGE_URL ""
| #define PACKAGE "hfp4linux"
| #define VERSION "0.1.0"
| #define STDC_HEADERS 1
| #define HAVE_SYS_TYPES_H 1
| #define HAVE_SYS_STAT_H 1
| #define HAVE_STDLIB_H 1
| #define HAVE_STRING_H 1
| #define HAVE_MEMORY_H 1
| #define HAVE_STRINGS_H 1
| #define HAVE_INTTYPES_H 1
| #define HAVE_STDINT_H 1
| #define HAVE_UNISTD_H 1
| #define HAVE_DLFCN_H 1
| #define LT_OBJDIR ".libs/"
| /* end confdefs.h.  */
| #include <ac_nonexistent.h>
configure:14229: result: g++ -E
configure:14249: g++ -E  conftest.cpp
configure:14249: $? = 0
configure:14263: g++ -E  conftest.cpp
conftest.cpp:23:28: fatal error: ac_nonexistent.h: No such file or directory
compilation terminated.
configure:14263: $? = 1
configure: failed program was:
| /* confdefs.h */
| #define PACKAGE_NAME "hfp4linux"
| #define PACKAGE_TARNAME "hfp4linux"
| #define PACKAGE_VERSION "0.1.0"
| #define PACKAGE_STRING "hfp4linux 0.1.0"
| #define PACKAGE_BUGREPORT "samr7@cs.washington.edu"
| #define PACKAGE_URL ""
| #define PACKAGE "hfp4linux"
| #define VERSION "0.1.0"
| #define STDC_HEADERS 1
| #define HAVE_SYS_TYPES_H 1
| #define HAVE_SYS_STAT_H 1
| #define HAVE_STDLIB_H 1
| #define HAVE_STRING_H 1
| #define HAVE_MEMORY_H 1
| #define HAVE_STRINGS_H 1
| #define HAVE_INTTYPES_H 1
| #define HAVE_STDINT_H 1
| #define HAVE_UNISTD_H 1
| #define HAVE_DLFCN_H 1
| #define LT_OBJDIR ".libs/"
| /* end confdefs.h.  */
| #include <ac_nonexistent.h>
configure:14432: checking for ld used by g++
configure:14499: result: /usr/bin/ld -m elf_x86_64
configure:14506: checking if the linker (/usr/bin/ld -m elf_x86_64) is GNU ld
configure:14521: result: yes
configure:14576: checking whether the g++ linker (/usr/bin/ld -m elf_x86_64) supports shared libraries
configure:15581: result: yes
configure:15617: g++ -c -g -O2  conftest.cpp >&5
configure:15620: $? = 0
configure:16140: checking for g++ option to produce PIC
configure:16147: result: -fPIC -DPIC
configure:16155: checking if g++ PIC flag -fPIC -DPIC works
configure:16173: g++ -c -g -O2  -fPIC -DPIC -DPIC conftest.cpp >&5
configure:16177: $? = 0
configure:16190: result: yes
configure:16213: checking if g++ static flag -static works
configure:16241: result: yes
configure:16253: checking if g++ supports -c -o file.o
configure:16274: g++ -c -g -O2  -o out/conftest2.o conftest.cpp >&5
configure:16278: $? = 0
configure:16300: result: yes
configure:16305: checking if g++ supports -c -o file.o
configure:16352: result: yes
configure:16382: checking whether the g++ linker (/usr/bin/ld -m elf_x86_64) supports shared libraries
configure:16421: result: yes
configure:16562: checking dynamic linker characteristics
configure:17241: result: GNU/Linux ld.so
configure:17294: checking how to hardcode library paths into programs
configure:17319: result: immediate
configure:17381: checking for ANSI C header files
configure:17485: result: yes
configure:17493: checking for sys/wait.h that is POSIX.1 compatible
configure:17519: gcc -c -g -O2  conftest.c >&5
configure:17519: $? = 0
configure:17526: result: yes
configure:17537: checking fcntl.h usability
configure:17537: gcc -c -g -O2  conftest.c >&5
configure:17537: $? = 0
configure:17537: result: yes
configure:17537: checking fcntl.h presence
configure:17537: gcc -E  conftest.c
configure:17537: $? = 0
configure:17537: result: yes
configure:17537: checking for fcntl.h
configure:17537: result: yes
configure:17537: checking limits.h usability
configure:17537: gcc -c -g -O2  conftest.c >&5
configure:17537: $? = 0
configure:17537: result: yes
configure:17537: checking limits.h presence
configure:17537: gcc -E  conftest.c
configure:17537: $? = 0
configure:17537: result: yes
configure:17537: checking for limits.h
configure:17537: result: yes
configure:17537: checking for stdint.h
configure:17537: result: yes
configure:17537: checking for stdlib.h
configure:17537: result: yes
configure:17537: checking for string.h
configure:17537: result: yes
configure:17537: checking sys/ioctl.h usability
configure:17537: gcc -c -g -O2  conftest.c >&5
configure:17537: $? = 0
configure:17537: result: yes
configure:17537: checking sys/ioctl.h presence
configure:17537: gcc -E  conftest.c
configure:17537: $? = 0
configure:17537: result: yes
configure:17537: checking for sys/ioctl.h
configure:17537: result: yes
configure:17537: checking sys/socket.h usability
configure:17537: gcc -c -g -O2  conftest.c >&5
configure:17537: $? = 0
configure:17537: result: yes
configure:17537: checking sys/socket.h presence
configure:17537: gcc -E  conftest.c
configure:17537: $? = 0
configure:17537: result: yes
configure:17537: checking for sys/socket.h
configure:17537: result: yes
configure:17537: checking for unistd.h
configure:17537: result: yes
configure:17548: checking for an ANSI C-conforming const
configure:17613: gcc -c -g -O2  conftest.c >&5
configure:17613: $? = 0
configure:17620: result: yes
configure:17628: checking for inline
configure:17644: gcc -c -g -O2  conftest.c >&5
configure:17644: $? = 0
configure:17652: result: inline
configure:17670: checking for pid_t
configure:17670: gcc -c -g -O2  conftest.c >&5
configure:17670: $? = 0
configure:17670: gcc -c -g -O2  conftest.c >&5
conftest.c: In function 'main':
conftest.c:69:20: error: expected expression before ')' token
configure:17670: $? = 1
configure: failed program was:
| /* confdefs.h */
| #define PACKAGE_NAME "hfp4linux"
| #define PACKAGE_TARNAME "hfp4linux"
| #define PACKAGE_VERSION "0.1.0"
| #define PACKAGE_STRING "hfp4linux 0.1.0"
| #define PACKAGE_BUGREPORT "samr7@cs.washington.edu"
| #define PACKAGE_URL ""
| #define PACKAGE "hfp4linux"
| #define VERSION "0.1.0"
| #define STDC_HEADERS 1
| #define HAVE_SYS_TYPES_H 1
| #define HAVE_SYS_STAT_H 1
| #define HAVE_STDLIB_H 1
| #define HAVE_STRING_H 1
| #define HAVE_MEMORY_H 1
| #define HAVE_STRINGS_H 1
| #define HAVE_INTTYPES_H 1
| #define HAVE_STDINT_H 1
| #define HAVE_UNISTD_H 1
| #define HAVE_DLFCN_H 1
| #define LT_OBJDIR ".libs/"
| #define STDC_HEADERS 1
| #define HAVE_SYS_WAIT_H 1
| #define HAVE_FCNTL_H 1
| #define HAVE_LIMITS_H 1
| #define HAVE_STDINT_H 1
| #define HAVE_STDLIB_H 1
| #define HAVE_STRING_H 1
| #define HAVE_SYS_IOCTL_H 1
| #define HAVE_SYS_SOCKET_H 1
| #define HAVE_UNISTD_H 1
| /* end confdefs.h.  */
| #include <stdio.h>
| #ifdef HAVE_SYS_TYPES_H
| # include <sys/types.h>
| #endif
| #ifdef HAVE_SYS_STAT_H
| # include <sys/stat.h>
| #endif
| #ifdef STDC_HEADERS
| # include <stdlib.h>
| # include <stddef.h>
| #else
| # ifdef HAVE_STDLIB_H
| #  include <stdlib.h>
| # endif
| #endif
| #ifdef HAVE_STRING_H
| # if !defined STDC_HEADERS && defined HAVE_MEMORY_H
| #  include <memory.h>
| # endif
| # include <string.h>
| #endif
| #ifdef HAVE_STRINGS_H
| # include <strings.h>
| #endif
| #ifdef HAVE_INTTYPES_H
| # include <inttypes.h>
| #endif
| #ifdef HAVE_STDINT_H
| # include <stdint.h>
| #endif
| #ifdef HAVE_UNISTD_H
| # include <unistd.h>
| #endif
| int
| main ()
| {
| if (sizeof ((pid_t)))
| 	    return 0;
|   ;
|   return 0;
| }
configure:17670: result: yes
configure:17681: checking for size_t
configure:17681: gcc -c -g -O2  conftest.c >&5
configure:17681: $? = 0
configure:17681: gcc -c -g -O2  conftest.c >&5
conftest.c: In function 'main':
conftest.c:69:21: error: expected expression before ')' token
configure:17681: $? = 1
configure: failed program was:
| /* confdefs.h */
| #define PACKAGE_NAME "hfp4linux"
| #define PACKAGE_TARNAME "hfp4linux"
| #define PACKAGE_VERSION "0.1.0"
| #define PACKAGE_STRING "hfp4linux 0.1.0"
| #define PACKAGE_BUGREPORT "samr7@cs.washington.edu"
| #define PACKAGE_URL ""
| #define PACKAGE "hfp4linux"
| #define VERSION "0.1.0"
| #define STDC_HEADERS 1
| #define HAVE_SYS_TYPES_H 1
| #define HAVE_SYS_STAT_H 1
| #define HAVE_STDLIB_H 1
| #define HAVE_STRING_H 1
| #define HAVE_MEMORY_H 1
| #define HAVE_STRINGS_H 1
| #define HAVE_INTTYPES_H 1
| #define HAVE_STDINT_H 1
| #define HAVE_UNISTD_H 1
| #define HAVE_DLFCN_H 1
| #define LT_OBJDIR ".libs/"
| #define STDC_HEADERS 1
| #define HAVE_SYS_WAIT_H 1
| #define HAVE_FCNTL_H 1
| #define HAVE_LIMITS_H 1
| #define HAVE_STDINT_H 1
| #define HAVE_STDLIB_H 1
| #define HAVE_STRING_H 1
| #define HAVE_SYS_IOCTL_H 1
| #define HAVE_SYS_SOCKET_H 1
| #define HAVE_UNISTD_H 1
| /* end confdefs.h.  */
| #include <stdio.h>
| #ifdef HAVE_SYS_TYPES_H
| # include <sys/types.h>
| #endif
| #ifdef HAVE_SYS_STAT_H
| # include <sys/stat.h>
| #endif
| #ifdef STDC_HEADERS
| # include <stdlib.h>
| # include <stddef.h>
| #else
| # ifdef HAVE_STDLIB_H
| #  include <stdlib.h>
| # endif
| #endif
| #ifdef HAVE_STRING_H
| # if !defined STDC_HEADERS && defined HAVE_MEMORY_H
| #  include <memory.h>
| # endif
| # include <string.h>
| #endif
| #ifdef HAVE_STRINGS_H
| # include <strings.h>
| #endif
| #ifdef HAVE_INTTYPES_H
| # include <inttypes.h>
| #endif
| #ifdef HAVE_STDINT_H
| # include <stdint.h>
| #endif
| #ifdef HAVE_UNISTD_H
| # include <unistd.h>
| #endif
| int
| main ()
| {
| if (sizeof ((size_t)))
| 	    return 0;
|   ;
|   return 0;
| }
configure:17681: result: yes
configure:17692: checking for ssize_t
configure:17692: gcc -c -g -O2  conftest.c >&5
configure:17692: $? = 0
configure:17692: gcc -c -g -O2  conftest.c >&5
conftest.c: In function 'main':
conftest.c:69:22: error: expected expression before ')' token
configure:17692: $? = 1
configure: failed program was:
| /* confdefs.h */
| #define PACKAGE_NAME "hfp4linux"
| #define PACKAGE_TARNAME "hfp4linux"
| #define PACKAGE_VERSION "0.1.0"
| #define PACKAGE_STRING "hfp4linux 0.1.0"
| #define PACKAGE_BUGREPORT "samr7@cs.washington.edu"
| #define PACKAGE_URL ""
| #define PACKAGE "hfp4linux"
| #define VERSION "0.1.0"
| #define STDC_HEADERS 1
| #define HAVE_SYS_TYPES_H 1
| #define HAVE_SYS_STAT_H 1
| #define HAVE_STDLIB_H 1
| #define HAVE_STRING_H 1
| #define HAVE_MEMORY_H 1
| #define HAVE_STRINGS_H 1
| #define HAVE_INTTYPES_H 1
| #define HAVE_STDINT_H 1
| #define HAVE_UNISTD_H 1
| #define HAVE_DLFCN_H 1
| #define LT_OBJDIR ".libs/"
| #define STDC_HEADERS 1
| #define HAVE_SYS_WAIT_H 1
| #define HAVE_FCNTL_H 1
| #define HAVE_LIMITS_H 1
| #define HAVE_STDINT_H 1
| #define HAVE_STDLIB_H 1
| #define HAVE_STRING_H 1
| #define HAVE_SYS_IOCTL_H 1
| #define HAVE_SYS_SOCKET_H 1
| #define HAVE_UNISTD_H 1
| /* end confdefs.h.  */
| #include <stdio.h>
| #ifdef HAVE_SYS_TYPES_H
| # include <sys/types.h>
| #endif
| #ifdef HAVE_SYS_STAT_H
| # include <sys/stat.h>
| #endif
| #ifdef STDC_HEADERS
| # include <stdlib.h>
| # include <stddef.h>
| #else
| # ifdef HAVE_STDLIB_H
| #  include <stdlib.h>
| # endif
| #endif
| #ifdef HAVE_STRING_H
| # if !defined STDC_HEADERS && defined HAVE_MEMORY_H
| #  include <memory.h>
| # endif
| # include <string.h>
| #endif
| #ifdef HAVE_STRINGS_H
| # include <strings.h>
| #endif
| #ifdef HAVE_INTTYPES_H
| # include <inttypes.h>
| #endif
| #ifdef HAVE_STDINT_H
| # include <stdint.h>
| #endif
| #ifdef HAVE_UNISTD_H
| # include <unistd.h>
| #endif
| int
| main ()
| {
| if (sizeof ((ssize_t)))
| 	    return 0;
|   ;
|   return 0;
| }
configure:17692: result: yes
configure:17703: checking for uint16_t
configure:17703: gcc -c -g -O2  conftest.c >&5
configure:17703: $? = 0
configure:17703: result: yes
configure:17715: checking for uint32_t
configure:17715: gcc -c -g -O2  conftest.c >&5
configure:17715: $? = 0
configure:17715: result: yes
configure:17729: checking for uint8_t
configure:17729: gcc -c -g -O2  conftest.c >&5
configure:17729: $? = 0
configure:17729: result: yes
configure:17746: checking for working alloca.h
configure:17763: gcc -o conftest -g -O2   conftest.c  >&5
configure:17763: $? = 0
configure:17771: result: yes
configure:17779: checking for alloca
configure:17816: gcc -o conftest -g -O2   conftest.c  >&5
configure:17816: $? = 0
configure:17824: result: yes
configure:17935: checking vfork.h usability
configure:17935: gcc -c -g -O2  conftest.c >&5
conftest.c:68:19: fatal error: vfork.h: No such file or directory
compilation terminated.
configure:17935: $? = 1
configure: failed program was:
| /* confdefs.h */
| #define PACKAGE_NAME "hfp4linux"
| #define PACKAGE_TARNAME "hfp4linux"
| #define PACKAGE_VERSION "0.1.0"
| #define PACKAGE_STRING "hfp4linux 0.1.0"
| #define PACKAGE_BUGREPORT "samr7@cs.washington.edu"
| #define PACKAGE_URL ""
| #define PACKAGE "hfp4linux"
| #define VERSION "0.1.0"
| #define STDC_HEADERS 1
| #define HAVE_SYS_TYPES_H 1
| #define HAVE_SYS_STAT_H 1
| #define HAVE_STDLIB_H 1
| #define HAVE_STRING_H 1
| #define HAVE_MEMORY_H 1
| #define HAVE_STRINGS_H 1
| #define HAVE_INTTYPES_H 1
| #define HAVE_STDINT_H 1
| #define HAVE_UNISTD_H 1
| #define HAVE_DLFCN_H 1
| #define LT_OBJDIR ".libs/"
| #define STDC_HEADERS 1
| #define HAVE_SYS_WAIT_H 1
| #define HAVE_FCNTL_H 1
| #define HAVE_LIMITS_H 1
| #define HAVE_STDINT_H 1
| #define HAVE_STDLIB_H 1
| #define HAVE_STRING_H 1
| #define HAVE_SYS_IOCTL_H 1
| #define HAVE_SYS_SOCKET_H 1
| #define HAVE_UNISTD_H 1
| #define HAVE_ALLOCA_H 1
| #define HAVE_ALLOCA 1
| /* end confdefs.h.  */
| #include <stdio.h>
| #ifdef HAVE_SYS_TYPES_H
| # include <sys/types.h>
| #endif
| #ifdef HAVE_SYS_STAT_H
| # include <sys/stat.h>
| #endif
| #ifdef STDC_HEADERS
| # include <stdlib.h>
| # include <stddef.h>
| #else
| # ifdef HAVE_STDLIB_H
| #  include <stdlib.h>
| # endif
| #endif
| #ifdef HAVE_STRING_H
| # if !defined STDC_HEADERS && defined HAVE_MEMORY_H
| #  include <memory.h>
| # endif
| # include <string.h>
| #endif
| #ifdef HAVE_STRINGS_H
| # include <strings.h>
| #endif
| #ifdef HAVE_INTTYPES_H
| # include <inttypes.h>
| #endif
| #ifdef HAVE_STDINT_H
| # include <stdint.h>
| #endif
| #ifdef HAVE_UNISTD_H
| # include <unistd.h>
| #endif
| #include <vfork.h>
configure:17935: result: no
configure:17935: checking vfork.h presence
configure:17935: gcc -E  conftest.c
conftest.c:35:19: fatal error: vfork.h: No such file or directory
compilation terminated.
configure:17935: $? = 1
configure: failed program was:
| /* confdefs.h */
| #define PACKAGE_NAME "hfp4linux"
| #define PACKAGE_TARNAME "hfp4linux"
| #define PACKAGE_VERSION "0.1.0"
| #define PACKAGE_STRING "hfp4linux 0.1.0"
| #define PACKAGE_BUGREPORT "samr7@cs.washington.edu"
| #define PACKAGE_URL ""
| #define PACKAGE "hfp4linux"
| #define VERSION "0.1.0"
| #define STDC_HEADERS 1
| #define HAVE_SYS_TYPES_H 1
| #define HAVE_SYS_STAT_H 1
| #define HAVE_STDLIB_H 1
| #define HAVE_STRING_H 1
| #define HAVE_MEMORY_H 1
| #define HAVE_STRINGS_H 1
| #define HAVE_INTTYPES_H 1
| #define HAVE_STDINT_H 1
| #define HAVE_UNISTD_H 1
| #define HAVE_DLFCN_H 1
| #define LT_OBJDIR ".libs/"
| #define STDC_HEADERS 1
| #define HAVE_SYS_WAIT_H 1
| #define HAVE_FCNTL_H 1
| #define HAVE_LIMITS_H 1
| #define HAVE_STDINT_H 1
| #define HAVE_STDLIB_H 1
| #define HAVE_STRING_H 1
| #define HAVE_SYS_IOCTL_H 1
| #define HAVE_SYS_SOCKET_H 1
| #define HAVE_UNISTD_H 1
| #define HAVE_ALLOCA_H 1
| #define HAVE_ALLOCA 1
| /* end confdefs.h.  */
| #include <vfork.h>
configure:17935: result: no
configure:17935: checking for vfork.h
configure:17935: result: no
configure:17948: checking for fork
configure:17948: gcc -o conftest -g -O2   conftest.c  >&5
conftest.c:58:6: warning: conflicting types for built-in function 'fork' [enabled by default]
configure:17948: $? = 0
configure:17948: result: yes
configure:17948: checking for vfork
configure:17948: gcc -o conftest -g -O2   conftest.c  >&5
configure:17948: $? = 0
configure:17948: result: yes
configure:17958: checking for working fork
configure:17980: gcc -o conftest -g -O2   conftest.c  >&5
configure:17980: $? = 0
configure:17980: ./conftest
configure:17980: $? = 0
configure:17990: result: yes
configure:18011: checking for working vfork
configure:18121: result: yes
configure:18147: checking whether gcc needs -traditional
configure:18181: result: no
configure:18190: checking for stdlib.h
configure:18190: result: yes
configure:18200: checking for GNU libc compatible malloc
configure:18224: gcc -o conftest -g -O2   conftest.c  >&5
configure:18224: $? = 0
configure:18224: ./conftest
configure:18224: $? = 0
configure:18234: result: yes
configure:18257: checking for vprintf
configure:18257: gcc -o conftest -g -O2   conftest.c  >&5
conftest.c:64:6: warning: conflicting types for built-in function 'vprintf' [enabled by default]
configure:18257: $? = 0
configure:18257: result: yes
configure:18263: checking for _doprnt
configure:18263: gcc -o conftest -g -O2   conftest.c  >&5
/tmp/ccUdgwIJ.o: In function `main':
/home/antonis/Projects/PhoneBluetooth/HandsFreeProfile/trunk/conftest.c:76: undefined reference to `_doprnt'
collect2: ld returned 1 exit status
configure:18263: $? = 1
configure: failed program was:
| /* confdefs.h */
| #define PACKAGE_NAME "hfp4linux"
| #define PACKAGE_TARNAME "hfp4linux"
| #define PACKAGE_VERSION "0.1.0"
| #define PACKAGE_STRING "hfp4linux 0.1.0"
| #define PACKAGE_BUGREPORT "samr7@cs.washington.edu"
| #define PACKAGE_URL ""
| #define PACKAGE "hfp4linux"
| #define VERSION "0.1.0"
| #define STDC_HEADERS 1
| #define HAVE_SYS_TYPES_H 1
| #define HAVE_SYS_STAT_H 1
| #define HAVE_STDLIB_H 1
| #define HAVE_STRING_H 1
| #define HAVE_MEMORY_H 1
| #define HAVE_STRINGS_H 1
| #define HAVE_INTTYPES_H 1
| #define HAVE_STDINT_H 1
| #define HAVE_UNISTD_H 1
| #define HAVE_DLFCN_H 1
| #define LT_OBJDIR ".libs/"
| #define STDC_HEADERS 1
| #define HAVE_SYS_WAIT_H 1
| #define HAVE_FCNTL_H 1
| #define HAVE_LIMITS_H 1
| #define HAVE_STDINT_H 1
| #define HAVE_STDLIB_H 1
| #define HAVE_STRING_H 1
| #define HAVE_SYS_IOCTL_H 1
| #define HAVE_SYS_SOCKET_H 1
| #define HAVE_UNISTD_H 1
| #define HAVE_ALLOCA_H 1
| #define HAVE_ALLOCA 1
| #define HAVE_FORK 1
| #define HAVE_VFORK 1
| #define HAVE_WORKING_VFORK 1
| #define HAVE_WORKING_FORK 1
| #define HAVE_STDLIB_H 1
| #define HAVE_MALLOC 1
| #define HAVE_VPRINTF 1
| /* end confdefs.h.  */
| /* Define _doprnt to an innocuous variant, in case <limits.h> declares _doprnt.
|    For example, HP-UX 11i <limits.h> declares gettimeofday.  */
| #define _doprnt innocuous__doprnt
| 
| /* System header to define __stub macros and hopefully few prototypes,
|     which can conflict with char _doprnt (); below.
|     Prefer <limits.h> to <assert.h> if __STDC__ is defined, since
|     <limits.h> exists even on freestanding compilers.  */
| 
| #ifdef __STDC__
| # include <limits.h>
| #else
| # include <assert.h>
| #endif
| 
| #undef _doprnt
| 
| /* Override any GCC internal prototype to avoid an error.
|    Use char because int might match the return type of a GCC
|    builtin and then its argument prototype would still apply.  */
| #ifdef __cplusplus
| extern "C"
| #endif
| char _doprnt ();
| /* The GNU C library defines this for functions which it implements
|     to always fail with ENOSYS.  Some functions are actually named
|     something starting with __ and the normal name is an alias.  */
| #if defined __stub__doprnt || defined __stub____doprnt
| choke me
| #endif
| 
| int
| main ()
| {
| return _doprnt ();
|   ;
|   return 0;
| }
configure:18263: result: no
configure:18277: checking for memmove
configure:18277: gcc -o conftest -g -O2   conftest.c  >&5
conftest.c:65:6: warning: conflicting types for built-in function 'memmove' [enabled by default]
configure:18277: $? = 0
configure:18277: result: yes
configure:18277: checking for memset
configure:18277: gcc -o conftest -g -O2   conftest.c  >&5
conftest.c:66:6: warning: conflicting types for built-in function 'memset' [enabled by default]
configure:18277: $? = 0
configure:18277: result: yes
configure:18277: checking for socket
configure:18277: gcc -o conftest -g -O2   conftest.c  >&5
configure:18277: $? = 0
configure:18277: result: yes
configure:18277: checking for strdup
configure:18277: gcc -o conftest -g -O2   conftest.c  >&5
conftest.c:68:6: warning: conflicting types for built-in function 'strdup' [enabled by default]
configure:18277: $? = 0
configure:18277: result: yes
configure:18277: checking for strncasecmp
configure:18277: gcc -o conftest -g -O2   conftest.c  >&5
conftest.c:69:6: warning: conflicting types for built-in function 'strncasecmp' [enabled by default]
configure:18277: $? = 0
configure:18277: result: yes
configure:18277: checking for strtol
configure:18277: gcc -o conftest -g -O2   conftest.c  >&5
configure:18277: $? = 0
configure:18277: result: yes
configure:18343: checking for pkg-config
configure:18361: found /usr/bin/pkg-config
configure:18373: result: /usr/bin/pkg-config
configure:18398: checking pkg-config is at least version 0.9.0
configure:18401: result: yes
configure:18606: checking for the pthreads library -lpthreads
configure:18639: gcc -o conftest -g  -Wall    conftest.c -lpthreads  >&5
conftest.c: In function 'main':
conftest.c:53:22: warning: null argument where non-null required (argument 1) [-Wnonnull]
conftest.c:54:22: warning: null argument where non-null required (argument 1) [-Wnonnull]
conftest.c:54:22: warning: null argument where non-null required (argument 3) [-Wnonnull]
conftest.c:52:27: warning: 'th' is used uninitialized in this function [-Wuninitialized]
/usr/bin/ld: cannot find -lpthreads
collect2: ld returned 1 exit status
configure:18639: $? = 1
configure: failed program was:
| /* confdefs.h */
| #define PACKAGE_NAME "hfp4linux"
| #define PACKAGE_TARNAME "hfp4linux"
| #define PACKAGE_VERSION "0.1.0"
| #define PACKAGE_STRING "hfp4linux 0.1.0"
| #define PACKAGE_BUGREPORT "samr7@cs.washington.edu"
| #define PACKAGE_URL ""
| #define PACKAGE "hfp4linux"
| #define VERSION "0.1.0"
| #define STDC_HEADERS 1
| #define HAVE_SYS_TYPES_H 1
| #define HAVE_SYS_STAT_H 1
| #define HAVE_STDLIB_H 1
| #define HAVE_STRING_H 1
| #define HAVE_MEMORY_H 1
| #define HAVE_STRINGS_H 1
| #define HAVE_INTTYPES_H 1
| #define HAVE_STDINT_H 1
| #define HAVE_UNISTD_H 1
| #define HAVE_DLFCN_H 1
| #define LT_OBJDIR ".libs/"
| #define STDC_HEADERS 1
| #define HAVE_SYS_WAIT_H 1
| #define HAVE_FCNTL_H 1
| #define HAVE_LIMITS_H 1
| #define HAVE_STDINT_H 1
| #define HAVE_STDLIB_H 1
| #define HAVE_STRING_H 1
| #define HAVE_SYS_IOCTL_H 1
| #define HAVE_SYS_SOCKET_H 1
| #define HAVE_UNISTD_H 1
| #define HAVE_ALLOCA_H 1
| #define HAVE_ALLOCA 1
| #define HAVE_FORK 1
| #define HAVE_VFORK 1
| #define HAVE_WORKING_VFORK 1
| #define HAVE_WORKING_FORK 1
| #define HAVE_STDLIB_H 1
| #define HAVE_MALLOC 1
| #define HAVE_VPRINTF 1
| #define HAVE_MEMMOVE 1
| #define HAVE_MEMSET 1
| #define HAVE_SOCKET 1
| #define HAVE_STRDUP 1
| #define HAVE_STRNCASECMP 1
| #define HAVE_STRTOL 1
| /* end confdefs.h.  */
| #include <pthread.h>
| int
| main ()
| {
| pthread_t th; pthread_join(th, 0);
|                      pthread_attr_init(0); pthread_cleanup_push(0, 0);
|                      pthread_create(0,0,0,0); pthread_cleanup_pop(0);
|   ;
|   return 0;
| }
configure:18648: result: no
configure:18551: checking whether pthreads work without any flags
configure:18639: gcc -o conftest -g  -Wall    conftest.c   >&5
conftest.c: In function 'main':
conftest.c:53:22: warning: null argument where non-null required (argument 1) [-Wnonnull]
conftest.c:54:22: warning: null argument where non-null required (argument 1) [-Wnonnull]
conftest.c:54:22: warning: null argument where non-null required (argument 3) [-Wnonnull]
conftest.c:52:27: warning: 'th' is used uninitialized in this function [-Wuninitialized]
/tmp/ccg4MBIB.o: In function `main':
/home/antonis/Projects/PhoneBluetooth/HandsFreeProfile/trunk/conftest.c:52: undefined reference to `pthread_join'
/home/antonis/Projects/PhoneBluetooth/HandsFreeProfile/trunk/conftest.c:53: undefined reference to `__pthread_register_cancel'
/home/antonis/Projects/PhoneBluetooth/HandsFreeProfile/trunk/conftest.c:54: undefined reference to `pthread_create'
/home/antonis/Projects/PhoneBluetooth/HandsFreeProfile/trunk/conftest.c:54: undefined reference to `__pthread_unregister_cancel'
collect2: ld returned 1 exit status
configure:18639: $? = 1
configure: failed program was:
| /* confdefs.h */
| #define PACKAGE_NAME "hfp4linux"
| #define PACKAGE_TARNAME "hfp4linux"
| #define PACKAGE_VERSION "0.1.0"
| #define PACKAGE_STRING "hfp4linux 0.1.0"
| #define PACKAGE_BUGREPORT "samr7@cs.washington.edu"
| #define PACKAGE_URL ""
| #define PACKAGE "hfp4linux"
| #define VERSION "0.1.0"
| #define STDC_HEADERS 1
| #define HAVE_SYS_TYPES_H 1
| #define HAVE_SYS_STAT_H 1
| #define HAVE_STDLIB_H 1
| #define HAVE_STRING_H 1
| #define HAVE_MEMORY_H 1
| #define HAVE_STRINGS_H 1
| #define HAVE_INTTYPES_H 1
| #define HAVE_STDINT_H 1
| #define HAVE_UNISTD_H 1
| #define HAVE_DLFCN_H 1
| #define LT_OBJDIR ".libs/"
| #define STDC_HEADERS 1
| #define HAVE_SYS_WAIT_H 1
| #define HAVE_FCNTL_H 1
| #define HAVE_LIMITS_H 1
| #define HAVE_STDINT_H 1
| #define HAVE_STDLIB_H 1
| #define HAVE_STRING_H 1
| #define HAVE_SYS_IOCTL_H 1
| #define HAVE_SYS_SOCKET_H 1
| #define HAVE_UNISTD_H 1
| #define HAVE_ALLOCA_H 1
| #define HAVE_ALLOCA 1
| #define HAVE_FORK 1
| #define HAVE_VFORK 1
| #define HAVE_WORKING_VFORK 1
| #define HAVE_WORKING_FORK 1
| #define HAVE_STDLIB_H 1
| #define HAVE_MALLOC 1
| #define HAVE_VPRINTF 1
| #define HAVE_MEMMOVE 1
| #define HAVE_MEMSET 1
| #define HAVE_SOCKET 1
| #define HAVE_STRDUP 1
| #define HAVE_STRNCASECMP 1
| #define HAVE_STRTOL 1
| /* end confdefs.h.  */
| #include <pthread.h>
| int
| main ()
| {
| pthread_t th; pthread_join(th, 0);
|                      pthread_attr_init(0); pthread_cleanup_push(0, 0);
|                      pthread_create(0,0,0,0); pthread_cleanup_pop(0);
|   ;
|   return 0;
| }
configure:18648: result: no
configure:18556: checking whether pthreads work with -Kthread
configure:18639: gcc -o conftest -g  -Wall -Kthread   conftest.c   >&5
gcc: error: unrecognized option '-Kthread'
configure:18639: $? = 1
configure: failed program was:
| /* confdefs.h */
| #define PACKAGE_NAME "hfp4linux"
| #define PACKAGE_TARNAME "hfp4linux"
| #define PACKAGE_VERSION "0.1.0"
| #define PACKAGE_STRING "hfp4linux 0.1.0"
| #define PACKAGE_BUGREPORT "samr7@cs.washington.edu"
| #define PACKAGE_URL ""
| #define PACKAGE "hfp4linux"
| #define VERSION "0.1.0"
| #define STDC_HEADERS 1
| #define HAVE_SYS_TYPES_H 1
| #define HAVE_SYS_STAT_H 1
| #define HAVE_STDLIB_H 1
| #define HAVE_STRING_H 1
| #define HAVE_MEMORY_H 1
| #define HAVE_STRINGS_H 1
| #define HAVE_INTTYPES_H 1
| #define HAVE_STDINT_H 1
| #define HAVE_UNISTD_H 1
| #define HAVE_DLFCN_H 1
| #define LT_OBJDIR ".libs/"
| #define STDC_HEADERS 1
| #define HAVE_SYS_WAIT_H 1
| #define HAVE_FCNTL_H 1
| #define HAVE_LIMITS_H 1
| #define HAVE_STDINT_H 1
| #define HAVE_STDLIB_H 1
| #define HAVE_STRING_H 1
| #define HAVE_SYS_IOCTL_H 1
| #define HAVE_SYS_SOCKET_H 1
| #define HAVE_UNISTD_H 1
| #define HAVE_ALLOCA_H 1
| #define HAVE_ALLOCA 1
| #define HAVE_FORK 1
| #define HAVE_VFORK 1
| #define HAVE_WORKING_VFORK 1
| #define HAVE_WORKING_FORK 1
| #define HAVE_STDLIB_H 1
| #define HAVE_MALLOC 1
| #define HAVE_VPRINTF 1
| #define HAVE_MEMMOVE 1
| #define HAVE_MEMSET 1
| #define HAVE_SOCKET 1
| #define HAVE_STRDUP 1
| #define HAVE_STRNCASECMP 1
| #define HAVE_STRTOL 1
| /* end confdefs.h.  */
| #include <pthread.h>
| int
| main ()
| {
| pthread_t th; pthread_join(th, 0);
|                      pthread_attr_init(0); pthread_cleanup_push(0, 0);
|                      pthread_create(0,0,0,0); pthread_cleanup_pop(0);
|   ;
|   return 0;
| }
configure:18648: result: no
configure:18556: checking whether pthreads work with -kthread
configure:18639: gcc -o conftest -g  -Wall -kthread   conftest.c   >&5
gcc: error: unrecognized option '-kthread'
configure:18639: $? = 1
configure: failed program was:
| /* confdefs.h */
| #define PACKAGE_NAME "hfp4linux"
| #define PACKAGE_TARNAME "hfp4linux"
| #define PACKAGE_VERSION "0.1.0"
| #define PACKAGE_STRING "hfp4linux 0.1.0"
| #define PACKAGE_BUGREPORT "samr7@cs.washington.edu"
| #define PACKAGE_URL ""
| #define PACKAGE "hfp4linux"
| #define VERSION "0.1.0"
| #define STDC_HEADERS 1
| #define HAVE_SYS_TYPES_H 1
| #define HAVE_SYS_STAT_H 1
| #define HAVE_STDLIB_H 1
| #define HAVE_STRING_H 1
| #define HAVE_MEMORY_H 1
| #define HAVE_STRINGS_H 1
| #define HAVE_INTTYPES_H 1
| #define HAVE_STDINT_H 1
| #define HAVE_UNISTD_H 1
| #define HAVE_DLFCN_H 1
| #define LT_OBJDIR ".libs/"
| #define STDC_HEADERS 1
| #define HAVE_SYS_WAIT_H 1
| #define HAVE_FCNTL_H 1
| #define HAVE_LIMITS_H 1
| #define HAVE_STDINT_H 1
| #define HAVE_STDLIB_H 1
| #define HAVE_STRING_H 1
| #define HAVE_SYS_IOCTL_H 1
| #define HAVE_SYS_SOCKET_H 1
| #define HAVE_UNISTD_H 1
| #define HAVE_ALLOCA_H 1
| #define HAVE_ALLOCA 1
| #define HAVE_FORK 1
| #define HAVE_VFORK 1
| #define HAVE_WORKING_VFORK 1
| #define HAVE_WORKING_FORK 1
| #define HAVE_STDLIB_H 1
| #define HAVE_MALLOC 1
| #define HAVE_VPRINTF 1
| #define HAVE_MEMMOVE 1
| #define HAVE_MEMSET 1
| #define HAVE_SOCKET 1
| #define HAVE_STRDUP 1
| #define HAVE_STRNCASECMP 1
| #define HAVE_STRTOL 1
| /* end confdefs.h.  */
| #include <pthread.h>
| int
| main ()
| {
| pthread_t th; pthread_join(th, 0);
|                      pthread_attr_init(0); pthread_cleanup_push(0, 0);
|                      pthread_create(0,0,0,0); pthread_cleanup_pop(0);
|   ;
|   return 0;
| }
configure:18648: result: no
configure:18606: checking for the pthreads library -llthread
configure:18639: gcc -o conftest -g  -Wall    conftest.c -llthread  >&5
conftest.c: In function 'main':
conftest.c:53:22: warning: null argument where non-null required (argument 1) [-Wnonnull]
conftest.c:54:22: warning: null argument where non-null required (argument 1) [-Wnonnull]
conftest.c:54:22: warning: null argument where non-null required (argument 3) [-Wnonnull]
conftest.c:52:27: warning: 'th' is used uninitialized in this function [-Wuninitialized]
/usr/bin/ld: cannot find -llthread
collect2: ld returned 1 exit status
configure:18639: $? = 1
configure: failed program was:
| /* confdefs.h */
| #define PACKAGE_NAME "hfp4linux"
| #define PACKAGE_TARNAME "hfp4linux"
| #define PACKAGE_VERSION "0.1.0"
| #define PACKAGE_STRING "hfp4linux 0.1.0"
| #define PACKAGE_BUGREPORT "samr7@cs.washington.edu"
| #define PACKAGE_URL ""
| #define PACKAGE "hfp4linux"
| #define VERSION "0.1.0"
| #define STDC_HEADERS 1
| #define HAVE_SYS_TYPES_H 1
| #define HAVE_SYS_STAT_H 1
| #define HAVE_STDLIB_H 1
| #define HAVE_STRING_H 1
| #define HAVE_MEMORY_H 1
| #define HAVE_STRINGS_H 1
| #define HAVE_INTTYPES_H 1
| #define HAVE_STDINT_H 1
| #define HAVE_UNISTD_H 1
| #define HAVE_DLFCN_H 1
| #define LT_OBJDIR ".libs/"
| #define STDC_HEADERS 1
| #define HAVE_SYS_WAIT_H 1
| #define HAVE_FCNTL_H 1
| #define HAVE_LIMITS_H 1
| #define HAVE_STDINT_H 1
| #define HAVE_STDLIB_H 1
| #define HAVE_STRING_H 1
| #define HAVE_SYS_IOCTL_H 1
| #define HAVE_SYS_SOCKET_H 1
| #define HAVE_UNISTD_H 1
| #define HAVE_ALLOCA_H 1
| #define HAVE_ALLOCA 1
| #define HAVE_FORK 1
| #define HAVE_VFORK 1
| #define HAVE_WORKING_VFORK 1
| #define HAVE_WORKING_FORK 1
| #define HAVE_STDLIB_H 1
| #define HAVE_MALLOC 1
| #define HAVE_VPRINTF 1
| #define HAVE_MEMMOVE 1
| #define HAVE_MEMSET 1
| #define HAVE_SOCKET 1
| #define HAVE_STRDUP 1
| #define HAVE_STRNCASECMP 1
| #define HAVE_STRTOL 1
| /* end confdefs.h.  */
| #include <pthread.h>
| int
| main ()
| {
| pthread_t th; pthread_join(th, 0);
|                      pthread_attr_init(0); pthread_cleanup_push(0, 0);
|                      pthread_create(0,0,0,0); pthread_cleanup_pop(0);
|   ;
|   return 0;
| }
configure:18648: result: no
configure:18556: checking whether pthreads work with -pthread
configure:18639: gcc -o conftest -g  -Wall -pthread   conftest.c   >&5
conftest.c: In function 'main':
conftest.c:53:22: warning: null argument where non-null required (argument 1) [-Wnonnull]
conftest.c:54:22: warning: null argument where non-null required (argument 1) [-Wnonnull]
conftest.c:54:22: warning: null argument where non-null required (argument 3) [-Wnonnull]
conftest.c:52:27: warning: 'th' is used uninitialized in this function [-Wuninitialized]
configure:18639: $? = 0
configure:18648: result: yes
configure:18667: checking for joinable pthread attribute
configure:18682: gcc -o conftest -g  -Wall -pthread   conftest.c   >&5
configure:18682: $? = 0
configure:18688: result: PTHREAD_CREATE_JOINABLE
configure:18698: checking if more special flags are required for pthreads
configure:18705: result: no
configure:18852: checking for BLUEZ
configure:18859: $PKG_CONFIG --exists --print-errors "bluez >= 2.00"
configure:18862: $? = 0
configure:18876: $PKG_CONFIG --exists --print-errors "bluez >= 2.00"
configure:18879: $? = 0
configure:18937: result: yes
configure:18946: checking for ALSA
configure:18953: $PKG_CONFIG --exists --print-errors "alsa >= 0.9.0"
configure:18956: $? = 0
configure:18970: $PKG_CONFIG --exists --print-errors "alsa >= 0.9.0"
configure:18973: $? = 0
configure:19011: result: yes
configure:19030: checking for AUDIOFILE
configure:19037: $PKG_CONFIG --exists --print-errors "audiofile"
Package audiofile was not found in the pkg-config search path.
Perhaps you should add the directory containing `audiofile.pc'
to the PKG_CONFIG_PATH environment variable
No package 'audiofile' found
configure:19040: $? = 1
configure:19054: $PKG_CONFIG --exists --print-errors "audiofile"
Package audiofile was not found in the pkg-config search path.
Perhaps you should add the directory containing `audiofile.pc'
to the PKG_CONFIG_PATH environment variable
No package 'audiofile' found
configure:19057: $? = 1
configure:19071: result: no
No package 'audiofile' found
configure:19115: checking for SPEEXDSP
configure:19122: $PKG_CONFIG --exists --print-errors "speexdsp >= 1.2beta2"
configure:19125: $? = 0
configure:19139: $PKG_CONFIG --exists --print-errors "speexdsp >= 1.2beta2"
configure:19142: $? = 0
configure:19180: result: yes
configure:19200: checking for DBUS
configure:19207: $PKG_CONFIG --exists --print-errors "dbus-1"
Package dbus-1 was not found in the pkg-config search path.
Perhaps you should add the directory containing `dbus-1.pc'
to the PKG_CONFIG_PATH environment variable
No package 'dbus-1' found
configure:19210: $? = 1
configure:19224: $PKG_CONFIG --exists --print-errors "dbus-1"
Package dbus-1 was not found in the pkg-config search path.
Perhaps you should add the directory containing `dbus-1.pc'
to the PKG_CONFIG_PATH environment variable
No package 'dbus-1' found
configure:19227: $? = 1
configure:19241: result: no
No package 'dbus-1' found
configure:19332: checking for NGHOSTCORE
configure:19339: $PKG_CONFIG --exists --print-errors "nghostcore"
Package nghostcore was not found in the pkg-config search path.
Perhaps you should add the directory containing `nghostcore.pc'
to the PKG_CONFIG_PATH environment variable
No package 'nghostcore' found
configure:19342: $? = 1
configure:19356: $PKG_CONFIG --exists --print-errors "nghostcore"
Package nghostcore was not found in the pkg-config search path.
Perhaps you should add the directory containing `nghostcore.pc'
to the PKG_CONFIG_PATH environment variable
No package 'nghostcore' found
configure:19359: $? = 1
configure:19373: result: no
No package 'nghostcore' found
configure:19876: checking for X
configure:19984: gcc -E  conftest.c
configure:19984: $? = 0
configure:20015: gcc -o conftest -g  -Wall   conftest.c -lX11  >&5
configure:20015: $? = 0
configure:20065: result: libraries , headers 
configure:20187: checking for C++ compiler version
configure:20196: g++ --version >&5
g++ (Ubuntu/Linaro 4.6.3-1ubuntu5) 4.6.3
Copyright (C) 2011 Free Software Foundation, Inc.
This is free software; see the source for copying conditions.  There is NO
warranty; not even for MERCHANTABILITY or FITNESS FOR A PARTICULAR PURPOSE.

configure:20207: $? = 0
configure:20196: g++ -v >&5
Using built-in specs.
COLLECT_GCC=g++
COLLECT_LTO_WRAPPER=/usr/lib/gcc/x86_64-linux-gnu/4.6/lto-wrapper
Target: x86_64-linux-gnu
Configured with: ../src/configure -v --with-pkgversion='Ubuntu/Linaro 4.6.3-1ubuntu5' --with-bugurl=file:///usr/share/doc/gcc-4.6/README.Bugs --enable-languages=c,c++,fortran,objc,obj-c++ --prefix=/usr --program-suffix=-4.6 --enable-shared --enable-linker-build-id --with-system-zlib --libexecdir=/usr/lib --without-included-gettext --enable-threads=posix --with-gxx-include-dir=/usr/include/c++/4.6 --libdir=/usr/lib --enable-nls --with-sysroot=/ --enable-clocale=gnu --enable-libstdcxx-debug --enable-libstdcxx-time=yes --enable-gnu-unique-object --enable-plugin --enable-objc-gc --disable-werror --with-arch-32=i686 --with-tune=generic --enable-checking=release --build=x86_64-linux-gnu --host=x86_64-linux-gnu --target=x86_64-linux-gnu
Thread model: posix
gcc version 4.6.3 (Ubuntu/Linaro 4.6.3-1ubuntu5) 
configure:20207: $? = 0
configure:20196: g++ -V >&5
g++: error: unrecognized option '-V'
g++: fatal error: no input files
compilation terminated.
configure:20207: $? = 4
configure:20196: g++ -qversion >&5
g++: error: unrecognized option '-qversion'
g++: fatal error: no input files
compilation terminated.
configure:20207: $? = 4
configure:20211: checking whether we are using the GNU C++ compiler
configure:20239: result: yes
configure:20248: checking whether g++ accepts -g
configure:20309: result: yes
configure:20334: checking dependency style of g++
configure:20445: result: gcc3
configure:20462: checking whether g++ supports -fexceptions
configure:20488: g++ -o conftest -g  -Wall -fexceptions   conftest.cpp  >&5
configure:20488: $? = 0
configure:20504: result: yes
configure:20616: checking how to run the C++ preprocessor
configure:20682: result: g++ -E
configure:20702: g++ -E  conftest.cpp
configure:20702: $? = 0
configure:20716: g++ -E  conftest.cpp
conftest.cpp:48:28: fatal error: ac_nonexistent.h: No such file or directory
compilation terminated.
configure:20716: $? = 1
configure: failed program was:
| /* confdefs.h */
| #define PACKAGE_NAME "hfp4linux"
| #define PACKAGE_TARNAME "hfp4linux"
| #define PACKAGE_VERSION "0.1.0"
| #define PACKAGE_STRING "hfp4linux 0.1.0"
| #define PACKAGE_BUGREPORT "samr7@cs.washington.edu"
| #define PACKAGE_URL ""
| #define PACKAGE "hfp4linux"
| #define VERSION "0.1.0"
| #define STDC_HEADERS 1
| #define HAVE_SYS_TYPES_H 1
| #define HAVE_SYS_STAT_H 1
| #define HAVE_STDLIB_H 1
| #define HAVE_STRING_H 1
| #define HAVE_MEMORY_H 1
| #define HAVE_STRINGS_H 1
| #define HAVE_INTTYPES_H 1
| #define HAVE_STDINT_H 1
| #define HAVE_UNISTD_H 1
| #define HAVE_DLFCN_H 1
| #define LT_OBJDIR ".libs/"
| #define STDC_HEADERS 1
| #define HAVE_SYS_WAIT_H 1
| #define HAVE_FCNTL_H 1
| #define HAVE_LIMITS_H 1
| #define HAVE_STDINT_H 1
| #define HAVE_STDLIB_H 1
| #define HAVE_STRING_H 1
| #define HAVE_SYS_IOCTL_H 1
| #define HAVE_SYS_SOCKET_H 1
| #define HAVE_UNISTD_H 1
| #define HAVE_ALLOCA_H 1
| #define HAVE_ALLOCA 1
| #define HAVE_FORK 1
| #define HAVE_VFORK 1
| #define HAVE_WORKING_VFORK 1
| #define HAVE_WORKING_FORK 1
| #define HAVE_STDLIB_H 1
| #define HAVE_MALLOC 1
| #define HAVE_VPRINTF 1
| #define HAVE_MEMMOVE 1
| #define HAVE_MEMSET 1
| #define HAVE_SOCKET 1
| #define HAVE_STRDUP 1
| #define HAVE_STRNCASECMP 1
| #define HAVE_STRTOL 1
| /* end confdefs.h.  */
| #include <ac_nonexistent.h>
configure:20765: checking for X
configure:20954: result: libraries , headers 
configure:21053: gcc -o conftest -g  -Wall   conftest.c   -lX11 >&5
configure:21053: $? = 0
configure:21151: checking for gethostbyname
configure:21151: gcc -o conftest -g  -Wall   conftest.c  >&5
configure:21151: $? = 0
configure:21151: result: yes
configure:21248: checking for connect
configure:21248: gcc -o conftest -g  -Wall   conftest.c  >&5
configure:21248: $? = 0
configure:21248: result: yes
configure:21297: checking for remove
configure:21297: gcc -o conftest -g  -Wall   conftest.c  >&5
configure:21297: $? = 0
configure:21297: result: yes
configure:21346: checking for shmat
configure:21346: gcc -o conftest -g  -Wall   conftest.c  >&5
configure:21346: $? = 0
configure:21346: result: yes
configure:21404: checking for IceConnectionNumber in -lICE
configure:21429: gcc -o conftest -g  -Wall   conftest.c -lICE   >&5
configure:21429: $? = 0
configure:21438: result: yes
configure:21529: checking for pthread_create in -lpthread
configure:21554: gcc -o conftest -g  -Wall   conftest.c -lpthread   >&5
configure:21554: $? = 0
configure:21563: result: yes
configure:21887: checking for Qt
configure: 21952: /usr/lib/qt3/include/qstyle.h
configure: 21952: /usr/lib/qt3/qstyle.h
configure: 21952: /usr/lib/qt/include/qstyle.h
configure: 21952: /usr/lib/qt/qstyle.h
configure: 21952: /usr/local/qt/include/qstyle.h
configure: 21952: /usr/include/qstyle.h
configure: 21952: /usr/X11R6/include/X11/qt/qstyle.h
configure: 21952: /usr/X11R6/include/qt/qstyle.h
configure: 21952: /usr/X11R6/include/qt2/qstyle.h
configure: 21952: /usr/include/qt3/qstyle.h
tried NO
tried /usr/lib/qt3/lib
tried /usr/lib/qt3
tried /usr/lib/qt/lib
tried /usr/lib/qt
tried /usr/X11R6/lib
tried /usr/lib
tried /usr/local/qt/lib
configure:22059: g++ -o conftest -g -Wall -INO  -DQT_THREAD_SUPPORT  -D_REENTRANT   -LNONE  conftest.cpp  -lqt-mt  -lSM -lICE -lXext -lX11  -lpthread >&5
conftest.cpp:2:21: fatal error: qglobal.h: No such file or directory
compilation terminated.
configure:22062: $? = 1
configure: failed program was:
#include "confdefs.h"
#include <qglobal.h>
#include <qapplication.h>
#include <qcursor.h>
#include <qstylefactory.h>
#include <private/qucomextra_p.h>
#if ! (QT_VERSION >= 301)
#error 1
#endif

int main() {
    (void)QStyleFactory::create(QString::null);
    QCursor c(Qt::WhatsThisCursor);
    return 0;
}
configure:22114: result: no
configure:22153: checking for moc
configure:22184: result: no
configure:22219: checking for uic
configure:22250: result: no
configure:22278: checking for rpath
configure:22300: result: yes
configure:22710: creating ./config.status

## ---------------------- ##
## Running config.status. ##
## ---------------------- ##

This file was extended by hfp4linux config.status 0.1.0, which was
generated by GNU Autoconf 2.68.  Invocation command line was

  CONFIG_FILES    = 
  CONFIG_HEADERS  = 
  CONFIG_LINKS    = 
  CONFIG_COMMANDS = 
  $ ./config.status 

on antonis-laptop-linux

config.status:1305: creating Makefile
config.status:1305: creating libhfp/Makefile
config.status:1305: creating include/Makefile
config.status:1305: creating include/libhfp/Makefile
config.status:1305: creating qt/Makefile
config.status:1305: creating nhandsfree/Makefile
config.status:1305: creating hfpd/Makefile
config.status:1305: creating test/Makefile
config.status:1305: creating data/Makefile
config.status:1305: creating config.h
config.status:1486: config.h is unchanged
config.status:1534: executing depfiles commands
config.status:1534: executing libtool commands

## ---------------- ##
## Cache variables. ##
## ---------------- ##

ac_cv_build=x86_64-unknown-linux-gnu
ac_cv_c_compiler_gnu=yes
ac_cv_c_const=yes
ac_cv_c_inline=inline
ac_cv_c_uint16_t=yes
ac_cv_c_uint32_t=yes
ac_cv_c_uint8_t=yes
ac_cv_cxx_compiler_gnu=yes
ac_cv_env_ALSA_CFLAGS_set=
ac_cv_env_ALSA_CFLAGS_value=
ac_cv_env_ALSA_LIBS_set=
ac_cv_env_ALSA_LIBS_value=
ac_cv_env_AUDIOFILE_CFLAGS_set=
ac_cv_env_AUDIOFILE_CFLAGS_value=
ac_cv_env_AUDIOFILE_LIBS_set=
ac_cv_env_AUDIOFILE_LIBS_value=
ac_cv_env_BLUEZ_CFLAGS_set=
ac_cv_env_BLUEZ_CFLAGS_value=
ac_cv_env_BLUEZ_LIBS_set=
ac_cv_env_BLUEZ_LIBS_value=
ac_cv_env_CCC_set=
ac_cv_env_CCC_value=
ac_cv_env_CC_set=
ac_cv_env_CC_value=
ac_cv_env_CFLAGS_set=
ac_cv_env_CFLAGS_value=
ac_cv_env_CPPFLAGS_set=
ac_cv_env_CPPFLAGS_value=
ac_cv_env_CPP_set=
ac_cv_env_CPP_value=
ac_cv_env_CXXCPP_set=
ac_cv_env_CXXCPP_value=
ac_cv_env_CXXFLAGS_set=
ac_cv_env_CXXFLAGS_value=
ac_cv_env_CXX_set=
ac_cv_env_CXX_value=
ac_cv_env_DBUS_CFLAGS_set=
ac_cv_env_DBUS_CFLAGS_value=
ac_cv_env_DBUS_LIBS_set=
ac_cv_env_DBUS_LIBS_value=
ac_cv_env_DBUS_SERVICE_PATH_set=
ac_cv_env_DBUS_SERVICE_PATH_value=
ac_cv_env_DOXYGEN_PAPER_SIZE_set=
ac_cv_env_DOXYGEN_PAPER_SIZE_value=
ac_cv_env_LDFLAGS_set=
ac_cv_env_LDFLAGS_value=
ac_cv_env_LIBS_set=
ac_cv_env_LIBS_value=
ac_cv_env_NGHOSTCORE_CFLAGS_set=
ac_cv_env_NGHOSTCORE_CFLAGS_value=
ac_cv_env_NGHOSTCORE_LIBS_set=
ac_cv_env_NGHOSTCORE_LIBS_value=
ac_cv_env_NGHOSTDAO_CFLAGS_set=
ac_cv_env_NGHOSTDAO_CFLAGS_value=
ac_cv_env_NGHOSTDAO_LIBS_set=
ac_cv_env_NGHOSTDAO_LIBS_value=
ac_cv_env_NGHOSTGUI2_CFLAGS_set=
ac_cv_env_NGHOSTGUI2_CFLAGS_value=
ac_cv_env_NGHOSTGUI2_LIBS_set=
ac_cv_env_NGHOSTGUI2_LIBS_value=
ac_cv_env_NGHOSTLOG_CFLAGS_set=
ac_cv_env_NGHOSTLOG_CFLAGS_value=
ac_cv_env_NGHOSTLOG_LIBS_set=
ac_cv_env_NGHOSTLOG_LIBS_value=
ac_cv_env_NGHOSTNET_CFLAGS_set=
ac_cv_env_NGHOSTNET_CFLAGS_value=
ac_cv_env_NGHOSTNET_LIBS_set=
ac_cv_env_NGHOSTNET_LIBS_value=
ac_cv_env_NGHOSTPLUGINS_CFLAGS_set=
ac_cv_env_NGHOSTPLUGINS_CFLAGS_value=
ac_cv_env_NGHOSTPLUGINS_LIBS_set=
ac_cv_env_NGHOSTPLUGINS_LIBS_value=
ac_cv_env_PKG_CONFIG_LIBDIR_set=
ac_cv_env_PKG_CONFIG_LIBDIR_value=
ac_cv_env_PKG_CONFIG_PATH_set=
ac_cv_env_PKG_CONFIG_PATH_value=
ac_cv_env_PKG_CONFIG_set=
ac_cv_env_PKG_CONFIG_value=
ac_cv_env_SPEEXDSP_CFLAGS_set=
ac_cv_env_SPEEXDSP_CFLAGS_value=
ac_cv_env_SPEEXDSP_LIBS_set=
ac_cv_env_SPEEXDSP_LIBS_value=
ac_cv_env_XMKMF_set=
ac_cv_env_XMKMF_value=
ac_cv_env_build_alias_set=
ac_cv_env_build_alias_value=
ac_cv_env_host_alias_set=
ac_cv_env_host_alias_value=
ac_cv_env_target_alias_set=
ac_cv_env_target_alias_value=
ac_cv_func__doprnt=no
ac_cv_func_alloca_works=yes
ac_cv_func_connect=yes
ac_cv_func_fork=yes
ac_cv_func_fork_works=yes
ac_cv_func_gethostbyname=yes
ac_cv_func_malloc_0_nonnull=yes
ac_cv_func_memmove=yes
ac_cv_func_memset=yes
ac_cv_func_remove=yes
ac_cv_func_shmat=yes
ac_cv_func_socket=yes
ac_cv_func_strdup=yes
ac_cv_func_strncasecmp=yes
ac_cv_func_strtol=yes
ac_cv_func_vfork=yes
ac_cv_func_vfork_works=yes
ac_cv_func_vprintf=yes
ac_cv_have_qt=have_qt=no
ac_cv_have_x='have_x=yes	ac_x_includes='\'''\''	ac_x_libraries='\'''\'''
ac_cv_header_dlfcn_h=yes
ac_cv_header_fcntl_h=yes
ac_cv_header_inttypes_h=yes
ac_cv_header_limits_h=yes
ac_cv_header_memory_h=yes
ac_cv_header_stdc=yes
ac_cv_header_stdint_h=yes
ac_cv_header_stdlib_h=yes
ac_cv_header_string_h=yes
ac_cv_header_strings_h=yes
ac_cv_header_sys_ioctl_h=yes
ac_cv_header_sys_socket_h=yes
ac_cv_header_sys_stat_h=yes
ac_cv_header_sys_types_h=yes
ac_cv_header_sys_wait_h=yes
ac_cv_header_unistd_h=yes
ac_cv_header_vfork_h=no
ac_cv_host=x86_64-unknown-linux-gnu
ac_cv_lib_ICE_IceConnectionNumber=yes
ac_cv_lib_pthread_pthread_create=yes
ac_cv_objext=o
ac_cv_path_EGREP='/bin/grep -E'
ac_cv_path_FGREP='/bin/grep -F'
ac_cv_path_GREP=/bin/grep
ac_cv_path_MOC=no
ac_cv_path_SED=/bin/sed
ac_cv_path_UIC=no
ac_cv_path_ac_pt_DX_PERL=/usr/bin/perl
ac_cv_path_ac_pt_PKG_CONFIG=/usr/bin/pkg-config
ac_cv_path_install='/usr/bin/install -c'
ac_cv_path_mkdir=/bin/mkdir
ac_cv_prog_AWK=mawk
ac_cv_prog_CPP='gcc -E'
ac_cv_prog_CXXCPP='g++ -E'
ac_cv_prog_ac_ct_AR=ar
ac_cv_prog_ac_ct_CC=gcc
ac_cv_prog_ac_ct_CXX=g++
ac_cv_prog_ac_ct_MANIFEST_TOOL=mt
ac_cv_prog_ac_ct_OBJDUMP=objdump
ac_cv_prog_ac_ct_RANLIB=ranlib
ac_cv_prog_ac_ct_STRIP=strip
ac_cv_prog_cc_c89=
ac_cv_prog_cc_g=yes
ac_cv_prog_cxx_c_o=yes
ac_cv_prog_cxx_g=yes
ac_cv_prog_gcc_traditional=no
ac_cv_prog_make_make_set=yes
ac_cv_type_pid_t=yes
ac_cv_type_size_t=yes
ac_cv_type_ssize_t=yes
ac_cv_working_alloca_h=yes
am_cv_CC_dependencies_compiler_type=gcc3
am_cv_CXX_dependencies_compiler_type=gcc3
kde_cv_prog_cxx_fexceptions=yes
lt_cv_ar_at_file=@
lt_cv_archive_cmds_need_lc=no
lt_cv_deplibs_check_method=pass_all
lt_cv_file_magic_cmd='$MAGIC_CMD'
lt_cv_file_magic_test_file=
lt_cv_ld_reload_flag=-r
lt_cv_nm_interface='BSD nm'
lt_cv_objdir=.libs
lt_cv_path_LD=/usr/bin/ld
lt_cv_path_LDCXX='/usr/bin/ld -m elf_x86_64'
lt_cv_path_NM='/usr/bin/nm -B'
lt_cv_path_mainfest_tool=no
lt_cv_prog_compiler_c_o=yes
lt_cv_prog_compiler_c_o_CXX=yes
lt_cv_prog_compiler_pic='-fPIC -DPIC'
lt_cv_prog_compiler_pic_CXX='-fPIC -DPIC'
lt_cv_prog_compiler_pic_works=yes
lt_cv_prog_compiler_pic_works_CXX=yes
lt_cv_prog_compiler_rtti_exceptions=no
lt_cv_prog_compiler_static_works=yes
lt_cv_prog_compiler_static_works_CXX=yes
lt_cv_prog_gnu_ld=yes
lt_cv_prog_gnu_ldcxx=yes
lt_cv_sharedlib_from_linklib_cmd='printf %s\n'
lt_cv_shlibpath_overrides_runpath=no
lt_cv_sys_global_symbol_pipe='sed -n -e '\''s/^.*[	 ]\([ABCDGIRSTW][ABCDGIRSTW]*\)[	 ][	 ]*\([_A-Za-z][_A-Za-z0-9]*\)$/\1 \2 \2/p'\'' | sed '\''/ __gnu_lto/d'\'''
lt_cv_sys_global_symbol_to_c_name_address='sed -n -e '\''s/^: \([^ ]*\)[ ]*$/  {\"\1\", (void *) 0},/p'\'' -e '\''s/^[ABCDGIRSTW]* \([^ ]*\) \([^ ]*\)$/  {"\2", (void *) \&\2},/p'\'''
lt_cv_sys_global_symbol_to_c_name_address_lib_prefix='sed -n -e '\''s/^: \([^ ]*\)[ ]*$/  {\"\1\", (void *) 0},/p'\'' -e '\''s/^[ABCDGIRSTW]* \([^ ]*\) \(lib[^ ]*\)$/  {"\2", (void *) \&\2},/p'\'' -e '\''s/^[ABCDGIRSTW]* \([^ ]*\) \([^ ]*\)$/  {"lib\2", (void *) \&\2},/p'\'''
lt_cv_sys_global_symbol_to_cdecl='sed -n -e '\''s/^T .* \(.*\)$/extern int \1();/p'\'' -e '\''s/^[ABCDGIRSTW]* .* \(.*\)$/extern char \1;/p'\'''
lt_cv_sys_max_cmd_len=1572864
lt_cv_to_host_file_cmd=func_convert_file_noop
lt_cv_to_tool_file_cmd=func_convert_file_noop
pkg_cv_ALSA_CFLAGS='-I/usr/include/alsa  '
pkg_cv_ALSA_LIBS='-lasound  '
pkg_cv_BLUEZ_CFLAGS=' '
pkg_cv_BLUEZ_LIBS='-lbluetooth  '
pkg_cv_SPEEXDSP_CFLAGS=' '
pkg_cv_SPEEXDSP_LIBS='-lspeexdsp  '

## ----------------- ##
## Output variables. ##
## ----------------- ##

ACLOCAL='${SHELL} /home/antonis/Projects/PhoneBluetooth/HandsFreeProfile/trunk/missing --run aclocal-1.11'
ALLOCA=''
ALSA_CFLAGS='-I/usr/include/alsa  '
ALSA_LIBS='-lasound  '
AMDEPBACKSLASH='\'
AMDEP_FALSE='#'
AMDEP_TRUE=''
AMTAR='$${TAR-tar}'
AR='ar'
AUDIOFILE_CFLAGS=''
AUDIOFILE_LIBS=''
AUTOCONF='${SHELL} /home/antonis/Projects/PhoneBluetooth/HandsFreeProfile/trunk/missing --run autoconf'
AUTOHEADER='${SHELL} /home/antonis/Projects/PhoneBluetooth/HandsFreeProfile/trunk/missing --run autoheader'
AUTOMAKE='${SHELL} /home/antonis/Projects/PhoneBluetooth/HandsFreeProfile/trunk/missing --run automake-1.11'
AWK='mawk'
BLUEZ_CFLAGS=' '
BLUEZ_LIBS='-lbluetooth  '
BUILD_DBUS_FALSE=''
BUILD_DBUS_SERVICE_FALSE=''
BUILD_DBUS_SERVICE_TRUE='#'
BUILD_DBUS_TRUE='#'
BUILD_NGHOST_FALSE=''
BUILD_NGHOST_TRUE='#'
BUILD_QT_FALSE=''
BUILD_QT_TRUE='#'
CC='gcc'
CCDEPMODE='depmode=gcc3'
CFLAGS='-g  -Wall'
CPP='gcc -E'
CPPFLAGS=''
CXX='g++'
CXXCPP='g++ -E'
CXXDEPMODE='depmode=gcc3'
CXXFLAGS='-g -Wall'
CYGPATH_W='echo'
DBUS_CFLAGS=''
DBUS_LIBS=''
DBUS_SERVICE_PATH=''
DEFS='-DHAVE_CONFIG_H'
DEPDIR='.deps'
DLLTOOL='false'
DOXYGEN_PAPER_SIZE=''
DSYMUTIL=''
DUMPBIN=''
DX_COND_chi_FALSE=''
DX_COND_chi_TRUE='#'
DX_COND_chm_FALSE=''
DX_COND_chm_TRUE='#'
DX_COND_doc_FALSE=''
DX_COND_doc_TRUE='#'
DX_COND_dot_FALSE=''
DX_COND_dot_TRUE='#'
DX_COND_html_FALSE=''
DX_COND_html_TRUE='#'
DX_COND_latex_FALSE=''
DX_COND_latex_TRUE='#'
DX_COND_man_FALSE=''
DX_COND_man_TRUE='#'
DX_COND_pdf_FALSE=''
DX_COND_pdf_TRUE='#'
DX_COND_ps_FALSE=''
DX_COND_ps_TRUE='#'
DX_COND_rtf_FALSE=''
DX_COND_rtf_TRUE='#'
DX_COND_xml_FALSE=''
DX_COND_xml_TRUE='#'
DX_CONFIG='Doxyfile'
DX_DOCDIR='doc'
DX_DOT=''
DX_DOXYGEN=''
DX_DVIPS=''
DX_EGREP=''
DX_ENV=' SRCDIR='\''.'\'' PROJECT='\''libhfp'\'' DOCDIR='\''doc'\'' VERSION='\''0.1.0'\'' HAVE_DOT='\''NO'\'' GENERATE_MAN='\''NO'\'' GENERATE_RTF='\''NO'\'' GENERATE_XML='\''NO'\'' GENERATE_HTMLHELP='\''NO'\'' GENERATE_CHI='\''NO'\'' GENERATE_HTML='\''NO'\'' GENERATE_LATEX='\''NO'\'''
DX_FLAG_chi='0'
DX_FLAG_chm='0'
DX_FLAG_doc='0'
DX_FLAG_dot='0'
DX_FLAG_html='0'
DX_FLAG_man='0'
DX_FLAG_pdf='0'
DX_FLAG_ps='0'
DX_FLAG_rtf='0'
DX_FLAG_xml='0'
DX_HHC=''
DX_LATEX=''
DX_MAKEINDEX=''
DX_PDFLATEX=''
DX_PERL='/usr/bin/perl'
DX_PROJECT='libhfp'
ECHO_C=''
ECHO_N='-n'
ECHO_T=''
EGREP='/bin/grep -E'
EXEEXT=''
FGREP='/bin/grep -F'
GREP='/bin/grep'
INSTALL_DATA='${INSTALL} -m 644'
INSTALL_PROGRAM='${INSTALL}'
INSTALL_SCRIPT='${INSTALL}'
INSTALL_STRIP_PROGRAM='$(install_sh) -c -s'
LD='/usr/bin/ld -m elf_x86_64'
LDFLAGS=''
LIBOBJS=''
LIBPTHREAD='-lpthread'
LIBS=''
LIBTOOL='$(SHELL) $(top_builddir)/libtool'
LIB_QPE=''
LIPO=''
LN_S='ln -s'
LTLIBOBJS=''
MAINT='#'
MAINTAINER_MODE_FALSE=''
MAINTAINER_MODE_TRUE='#'
MAKEINFO='${SHELL} /home/antonis/Projects/PhoneBluetooth/HandsFreeProfile/trunk/missing --run makeinfo'
MANIFEST_TOOL=':'
MKDIR_P='/bin/mkdir -p'
MOC='no'
NGHOSTCORE_CFLAGS=''
NGHOSTCORE_LIBS=''
NGHOSTDAO_CFLAGS=''
NGHOSTDAO_LIBS=''
NGHOSTGUI2_CFLAGS=''
NGHOSTGUI2_LIBS=''
NGHOSTLOG_CFLAGS=''
NGHOSTLOG_LIBS=''
NGHOSTNET_CFLAGS=''
NGHOSTNET_LIBS=''
NGHOSTPLUGINS_CFLAGS=''
NGHOSTPLUGINS_LIBS=''
NM='/usr/bin/nm -B'
NMEDIT=''
OBJDUMP='objdump'
OBJEXT='o'
OTOOL64=''
OTOOL=''
PACKAGE='hfp4linux'
PACKAGE_BUGREPORT='samr7@cs.washington.edu'
PACKAGE_NAME='hfp4linux'
PACKAGE_STRING='hfp4linux 0.1.0'
PACKAGE_TARNAME='hfp4linux'
PACKAGE_URL=''
PACKAGE_VERSION='0.1.0'
PATH_SEPARATOR=':'
PKG_CONFIG='/usr/bin/pkg-config'
PKG_CONFIG_LIBDIR=''
PKG_CONFIG_PATH='/usr/local/lib/pkgconfig'
PTHREAD_CC='gcc'
PTHREAD_CFLAGS='-pthread'
PTHREAD_LIBS=''
QTE_NORTTI=''
QT_CXXFLAGS=' -DQT_THREAD_SUPPORT  -D_REENTRANT'
QT_INCLUDES=''
QT_LDFLAGS=''
QT_LIBS='-lqt-mt  -lSM -lICE -lXext -lX11  -lpthread'
QT_MT_LDFLAGS=''
QT_MT_LIBS='-lpthread'
QT_RPATH=''
RANLIB='ranlib'
SED='/bin/sed'
SET_MAKE=''
SHELL='/bin/bash'
SPEEXDSP_CFLAGS=' '
SPEEXDSP_LIBS='-lspeexdsp  '
STRIP='strip'
UIC='no'
USE_THREADS=''
VERSION='0.1.0'
XMKMF=''
X_CFLAGS=''
X_EXTRA_LIBS=''
X_LIBS=''
X_PRE_LIBS=' -lSM -lICE'
ac_ct_AR='ar'
ac_ct_CC='gcc'
ac_ct_CXX='g++'
ac_ct_DUMPBIN=''
acx_pthread_config=''
am__EXEEXT_FALSE=''
am__EXEEXT_TRUE='#'
am__fastdepCC_FALSE='#'
am__fastdepCC_TRUE=''
am__fastdepCXX_FALSE='#'
am__fastdepCXX_TRUE=''
am__include='include'
am__isrc=''
am__leading_dot='.'
am__nodep='_no'
am__quote=''
am__tar='$${TAR-tar} chof - "$$tardir"'
am__untar='$${TAR-tar} xf -'
bindir='${exec_prefix}/bin'
build='x86_64-unknown-linux-gnu'
build_alias=''
build_cpu='x86_64'
build_os='linux-gnu'
build_vendor='unknown'
datadir='${datarootdir}'
datarootdir='${prefix}/share'
docdir='${datarootdir}/doc/${PACKAGE_TARNAME}'
dvidir='${docdir}'
exec_prefix='${prefix}'
host='x86_64-unknown-linux-gnu'
host_alias=''
host_cpu='x86_64'
host_os='linux-gnu'
host_vendor='unknown'
htmldir='${docdir}'
includedir='${prefix}/include'
infodir='${datarootdir}/info'
install_sh='${SHELL} /home/antonis/Projects/PhoneBluetooth/HandsFreeProfile/trunk/install-sh'
libdir='${exec_prefix}/lib'
libexecdir='${exec_prefix}/libexec'
libhfp_CXXFLAGS='   -pthread -I/usr/include/alsa    '
libhfp_LIBS=' -lbluetooth    -lasound   -lspeexdsp  '
libnghost_CFLAGS=''
libnghost_LIBS=''
localedir='${datarootdir}/locale'
localstatedir='${prefix}/var'
mandir='${datarootdir}/man'
mkdir_p='/bin/mkdir -p'
oldincludedir='/usr/include'
pdfdir='${docdir}'
pkglibdir=''
prefix='/usr/local'
program_transform_name='s,x,x,'
psdir='${docdir}'
qt_includes=''
qt_libraries=''
sbindir='${exec_prefix}/sbin'
sharedstatedir='${prefix}/com'
sysconfdir='${prefix}/etc'
target_alias=''
x_libraries=''

## ----------- ##
## confdefs.h. ##
## ----------- ##

/* confdefs.h */
#define PACKAGE_NAME "hfp4linux"
#define PACKAGE_TARNAME "hfp4linux"
#define PACKAGE_VERSION "0.1.0"
#define PACKAGE_STRING "hfp4linux 0.1.0"
#define PACKAGE_BUGREPORT "samr7@cs.washington.edu"
#define PACKAGE_URL ""
#define PACKAGE "hfp4linux"
#define VERSION "0.1.0"
#define STDC_HEADERS 1
#define HAVE_SYS_TYPES_H 1
#define HAVE_SYS_STAT_H 1
#define HAVE_STDLIB_H 1
#define HAVE_STRING_H 1
#define HAVE_MEMORY_H 1
#define HAVE_STRINGS_H 1
#define HAVE_INTTYPES_H 1
#define HAVE_STDINT_H 1
#define HAVE_UNISTD_H 1
#define HAVE_DLFCN_H 1
#define LT_OBJDIR ".libs/"
#define STDC_HEADERS 1
#define HAVE_SYS_WAIT_H 1
#define HAVE_FCNTL_H 1
#define HAVE_LIMITS_H 1
#define HAVE_STDINT_H 1
#define HAVE_STDLIB_H 1
#define HAVE_STRING_H 1
#define HAVE_SYS_IOCTL_H 1
#define HAVE_SYS_SOCKET_H 1
#define HAVE_UNISTD_H 1
#define HAVE_ALLOCA_H 1
#define HAVE_ALLOCA 1
#define HAVE_FORK 1
#define HAVE_VFORK 1
#define HAVE_WORKING_VFORK 1
#define HAVE_WORKING_FORK 1
#define HAVE_STDLIB_H 1
#define HAVE_MALLOC 1
#define HAVE_VPRINTF 1
#define HAVE_MEMMOVE 1
#define HAVE_MEMSET 1
#define HAVE_SOCKET 1
#define HAVE_STRDUP 1
#define HAVE_STRNCASECMP 1
#define HAVE_STRTOL 1
#define HAVE_LIBPTHREAD 1
#define USE_VERBOSE_DEBUG /**/
#define USE_PTHREADS /**/
#define USE_ALSA_SOUNDIO /**/
#define USE_OSS_SOUNDIO /**/
#define USE_SPEEXDSP /**/

configure: exit 0
